Arguments: 
  C:\Program Files\nodejs\node.exe C:\Users\HP\AppData\Roaming\npm\node_modules\yarn\bin\yarn.js add apollo-server bcrpytjs dotenv jsonwebtoken nodemon sequelize sqlite3

PATH: 
  D:\5toSemestre\webAvanzado\LABWEB07\node_modules\.bin;C:\Program Files (x86)\Common Files\Oracle\Java\javapath;C:\ProgramData\Oracle\Java\javapath;C:\Windows\system32;C:\Windows;C:\Windows\System32\Wbem;C:\Windows\System32\WindowsPowerShell\v1.0\;C:\Windows\System32\OpenSSH\;C:\Program Files\Microsoft SQL Server\130\Tools\Binn\;C:\Program Files (x86)\Microchip\MPLAB C32 Suite\bin;D:\maven\apache-maven-3.6.3-bin\apache-maven-3.6.3?\bin;D:\maven\apache-maven-3.6.3-bin\apache-maven-3.6.3\bin;C:\Program Files (x86)\NVIDIA Corporation\PhysX\Common;C:\Program Files\nodejs\;C:\Program Files\Git\cmd;C:\Program Files\dotnet\;C:\Program Files (x86)\dotnet\;C:\Program Files\Microsoft SQL Server\Client SDK\ODBC\130\Tools\Binn\;C:\Program Files (x86)\Microsoft SQL Server\140\Tools\Binn\;C:\Program Files\Microsoft SQL Server\140\Tools\Binn\;C:\Program Files\Microsoft SQL Server\140\DTS\Binn\;C:\Users\HP\AppData\Local\Programs\Python\Python37\Scripts\;C:\Users\HP\AppData\Local\Programs\Python\Python37\;C:\Users\HP\AppData\Local\Microsoft\WindowsApps;D:\VSTUDIO\Microsoft VS Code\bin;C:\Program Files\apache-maven-3.6.3-bin\apache-maven-3.6.3\bin;D:\maven\apache-maven-3.6.3-bin\apache-maven-3.6.3\bin;C:\Program Files\JetBrains\IntelliJ IDEA 2020.3.2\bin;;C:\Users\HP\AppData\Roaming\npm;C:\Program Files\Java\jdk1.8.0_281\bin;D:\5toSemestre\Multiplataforma\Flutter\src\flutter\bin;

Yarn version: 
  1.22.10

Node version: 
  14.16.0

Platform: 
  win32 x64

Trace: 
  Error: https://registry.yarnpkg.com/bcrpytjs: Not found
      at Request.params.callback [as _callback] (C:\Users\HP\AppData\Roaming\npm\node_modules\yarn\lib\cli.js:66988:18)
      at Request.self.callback (C:\Users\HP\AppData\Roaming\npm\node_modules\yarn\lib\cli.js:140662:22)
      at Request.emit (events.js:315:20)
      at Request.<anonymous> (C:\Users\HP\AppData\Roaming\npm\node_modules\yarn\lib\cli.js:141634:10)
      at Request.emit (events.js:315:20)
      at IncomingMessage.<anonymous> (C:\Users\HP\AppData\Roaming\npm\node_modules\yarn\lib\cli.js:141556:12)
      at Object.onceWrapper (events.js:421:28)
      at IncomingMessage.emit (events.js:327:22)
      at endReadableNT (internal/streams/readable.js:1327:12)
      at processTicksAndRejections (internal/process/task_queues.js:80:21)

npm manifest: 
  {
    "name": "LABWEB07",
    "version": "1.0.0",
    "main": "index.js",
    "license": "MIT"
  }

yarn manifest: 
  No manifest

Lockfile: 
  No lockfile
